<?xml version="1.0" encoding="UTF-8"?>
<testsuite xmlns:xsi="http://www.w3.org/2001/XMLSchema-instance" xsi:noNamespaceSchemaLocation="https://maven.apache.org/surefire/maven-surefire-plugin/xsd/surefire-test-report.xsd" name="models.CuentasTest" time="3.265" tests="65" errors="1" skipped="7" failures="7">
  <properties>
[...]
</properties>
  <testcase name="testDineroInsuficienteExceptionCuenta" classname="models.CuentasTest" time="0.038"/>
  <testcase name="testSaldoCuentaDev" classname="models.CuentasTest" time="0">
    <skipped message="Assumption failed: assumption is not true" type="org.opentest4j.TestAbortedException">org.opentest4j.TestAbortedException: Assumption failed: assumption is not true
	at models.CuentasTest.testSaldoCuentaDev(CuentasTest.java:250)
</skipped>
  </testcase>
  <testcase name="testSaldoCuentaDev2" classname="models.CuentasTest" time="0.015"/>
  <testcase name="testRelacionBancoCuentas" classname="models.CuentasTest" time="0"/>
  <testcase name="testDebitoCuentaRepetir{RepetitionInfo}[1]" classname="models.CuentasTest" time="0.016"/>
  <testcase name="testDebitoCuentaRepetir{RepetitionInfo}[2]" classname="models.CuentasTest" time="0"/>
  <testcase name="testDebitoCuentaRepetir{RepetitionInfo}[3]" classname="models.CuentasTest" time="0"/>
  <testcase name="testDebitoCuentaRepetir{RepetitionInfo}[4]" classname="models.CuentasTest" time="0"/>
  <testcase name="testDebitoCuentaRepetir{RepetitionInfo}[5]" classname="models.CuentasTest" time="0"/>
  <testcase name="pruebaTimeout2" classname="models.CuentasTest$timeoutTest" time="1.024"/>
  <testcase name="pruebaTimeout" classname="models.CuentasTest$timeoutTest" time="1.001"/>
  <testcase name="testTimeoutassertion" classname="models.CuentasTest$timeoutTest" time="1.018"/>
  <testcase name="testENV" classname="models.CuentasTest$VariableAmbienteTest" time="0">
    <skipped message="Environment variable [ENVIROMENT] does not exist"/>
  </testcase>
  <testcase name="testJava_Home" classname="models.CuentasTest$VariableAmbienteTest" time="0"/>
  <testcase name="testCoreNumber" classname="models.CuentasTest$VariableAmbienteTest" time="0"/>
  <testcase name="imprimirVariablesAmbiente" classname="models.CuentasTest$VariableAmbienteTest" time="0.018"/>
  <testcase name="testSoloUsername" classname="models.CuentasTest$systemPropertyTest" time="0"/>
  <testcase name="testsolo64" classname="models.CuentasTest$systemPropertyTest" time="0"/>
  <testcase name="testDev" classname="models.CuentasTest$systemPropertyTest" time="0">
    <skipped message="System property [ENV] does not exist"/>
  </testcase>
  <testcase name="testNo64" classname="models.CuentasTest$systemPropertyTest" time="0">
    <skipped message="System property [os.arch] with value [amd64] does not match regular expression [.*32.*]"/>
  </testcase>
  <testcase name="ImprimirSystemProperties" classname="models.CuentasTest$systemPropertyTest" time="0.016"/>
  <testcase name="testJavaVersion" classname="models.CuentasTest$systemPropertyTest" time="0"/>
  <testcase name="soloJDK15" classname="models.CuentasTest$JavaVersionTest" time="0">
    <skipped message="Disabled on JRE version: 1.8.0_271"/>
  </testcase>
  <testcase name="nooJDK15" classname="models.CuentasTest$JavaVersionTest" time="0"/>
  <testcase name="soloJDK8" classname="models.CuentasTest$JavaVersionTest" time="0"/>
  <testcase name="testSoloLinuxMax" classname="models.CuentasTest$SistemaOperativoTEST" time="0">
    <skipped message="Disabled on operating system: Windows 10"/>
  </testcase>
  <testcase name="testSoloWindows" classname="models.CuentasTest$SistemaOperativoTEST" time="0"/>
  <testcase name="testNowindows" classname="models.CuentasTest$SistemaOperativoTEST" time="0">
    <skipped message="Disabled on operating system: Windows 10"/>
  </testcase>
  <testcase name="testCrebitoCuenta" classname="models.CuentasTest$CuentaOperacionesTestValueSource" time="0"/>
  <testcase name="testDebitoCuenta{String}[1]" classname="models.CuentasTest$CuentaOperacionesTestValueSource" time="0"/>
  <testcase name="testDebitoCuenta{String}[2]" classname="models.CuentasTest$CuentaOperacionesTestValueSource" time="0"/>
  <testcase name="testDebitoCuenta{String}[3]" classname="models.CuentasTest$CuentaOperacionesTestValueSource" time="0"/>
  <testcase name="testDebitoCuenta{String}[4]" classname="models.CuentasTest$CuentaOperacionesTestValueSource" time="0"/>
  <testcase name="testDebitoCuenta{String}[5]" classname="models.CuentasTest$CuentaOperacionesTestValueSource" time="0"/>
  <testcase name="testDebitoCuenta{String}[6]" classname="models.CuentasTest$CuentaOperacionesTestValueSource" time="0"/>
  <testcase name="testTransfeririDineroCuentas" classname="models.CuentasTest$CuentaOperacionesTestValueSource" time="0"/>
  <testcase name="testDebitoCuentaCsvSource2{String, String, String, String}[1]" classname="models.CuentasTest$ParametrizedTest" time="0"/>
  <testcase name="testDebitoCuentaCsvSource2{String, String, String, String}[2]" classname="models.CuentasTest$ParametrizedTest" time="0">
    <failure message="expected: &lt;maria&gt; but was: &lt;Maria&gt;" type="org.opentest4j.AssertionFailedError"><![CDATA[org.opentest4j.AssertionFailedError: expected: <maria> but was: <Maria>
	at models.CuentasTest$ParametrizedTest.testDebitoCuentaCsvSource2(CuentasTest.java:136)
]]></failure>
    <system-out><![CDATA[250 - 200
]]></system-out>
  </testcase>
  <testcase name="testDebitoCuentaCsvSource2{String, String, String, String}[3]" classname="models.CuentasTest$ParametrizedTest" time="0.015">
    <failure message="expected: &lt;Chibo&gt; but was: &lt;Chino&gt;" type="org.opentest4j.AssertionFailedError"><![CDATA[org.opentest4j.AssertionFailedError: expected: <Chibo> but was: <Chino>
	at models.CuentasTest$ParametrizedTest.testDebitoCuentaCsvSource2(CuentasTest.java:136)
]]></failure>
    <system-out><![CDATA[300 - 300
]]></system-out>
  </testcase>
  <testcase name="testDebitoCuentaCsvSource2{String, String, String, String}[4]" classname="models.CuentasTest$ParametrizedTest" time="0">
    <failure message="expected: &lt;Miki&gt; but was: &lt;Mili&gt;" type="org.opentest4j.AssertionFailedError"><![CDATA[org.opentest4j.AssertionFailedError: expected: <Miki> but was: <Mili>
	at models.CuentasTest$ParametrizedTest.testDebitoCuentaCsvSource2(CuentasTest.java:136)
]]></failure>
    <system-out><![CDATA[510 - 500
]]></system-out>
  </testcase>
  <testcase name="testDebitoCuentaCsvSource2{String, String, String, String}[5]" classname="models.CuentasTest$ParametrizedTest" time="0"/>
  <testcase name="testDebitoCuentaCsvSource2{String, String, String, String}[6]" classname="models.CuentasTest$ParametrizedTest" time="0">
    <failure message="expected: &lt;true&gt; but was: &lt;false&gt;" type="org.opentest4j.AssertionFailedError"><![CDATA[org.opentest4j.AssertionFailedError: expected: <true> but was: <false>
	at models.CuentasTest$ParametrizedTest.testDebitoCuentaCsvSource2(CuentasTest.java:137)
]]></failure>
    <system-out><![CDATA[1000 - 1000
]]></system-out>
  </testcase>
  <testcase name="testDebitoCuentaCsvSource{String, String}[1]" classname="models.CuentasTest$ParametrizedTest" time="0"/>
  <testcase name="testDebitoCuentaCsvSource{String, String}[2]" classname="models.CuentasTest$ParametrizedTest" time="0"/>
  <testcase name="testDebitoCuentaCsvSource{String, String}[3]" classname="models.CuentasTest$ParametrizedTest" time="0"/>
  <testcase name="testDebitoCuentaCsvSource{String, String}[4]" classname="models.CuentasTest$ParametrizedTest" time="0"/>
  <testcase name="testDebitoCuentaCsvSource{String, String}[5]" classname="models.CuentasTest$ParametrizedTest" time="0"/>
  <testcase name="testDebitoCuentaCsvSource{String, String}[6]" classname="models.CuentasTest$ParametrizedTest" time="0"/>
  <testcase name="testDebitoCuentaCsvFileSource{String}[1]" classname="models.CuentasTest$ParametrizedTest" time="0"/>
  <testcase name="testDebitoCuentaCsvFileSource{String}[2]" classname="models.CuentasTest$ParametrizedTest" time="0"/>
  <testcase name="testDebitoCuentaCsvFileSource{String}[3]" classname="models.CuentasTest$ParametrizedTest" time="0"/>
  <testcase name="testDebitoCuentaCsvFileSource{String}[4]" classname="models.CuentasTest$ParametrizedTest" time="0"/>
  <testcase name="testDebitoCuentaCsvFileSource{String}[5]" classname="models.CuentasTest$ParametrizedTest" time="0"/>
  <testcase name="testDebitoCuentaCsvFileSource{String}[6]" classname="models.CuentasTest$ParametrizedTest" time="0.016"/>
  <testcase name="testDebitoCuentaCsvFileSource{String}[7]" classname="models.CuentasTest$ParametrizedTest" time="0"/>
  <testcase name="testDebitoCuentaCsvFileSource2{String, String, String, String}[1]" classname="models.CuentasTest$ParametrizedTest" time="0"/>
  <testcase name="testDebitoCuentaCsvFileSource2{String, String, String, String}[2]" classname="models.CuentasTest$ParametrizedTest" time="0">
    <failure message="expected: &lt;maria&gt; but was: &lt;Maria&gt;" type="org.opentest4j.AssertionFailedError"><![CDATA[org.opentest4j.AssertionFailedError: expected: <maria> but was: <Maria>
	at models.CuentasTest$ParametrizedTest.testDebitoCuentaCsvFileSource2(CuentasTest.java:147)
]]></failure>
  </testcase>
  <testcase name="testDebitoCuentaCsvFileSource2{String, String, String, String}[3]" classname="models.CuentasTest$ParametrizedTest" time="0">
    <failure message="expected: &lt;Chibo&gt; but was: &lt;Chino&gt;" type="org.opentest4j.AssertionFailedError"><![CDATA[org.opentest4j.AssertionFailedError: expected: <Chibo> but was: <Chino>
	at models.CuentasTest$ParametrizedTest.testDebitoCuentaCsvFileSource2(CuentasTest.java:147)
]]></failure>
  </testcase>
  <testcase name="testDebitoCuentaCsvFileSource2{String, String, String, String}[4]" classname="models.CuentasTest$ParametrizedTest" time="0">
    <failure message="expected: &lt;Miki&gt; but was: &lt;Mili&gt;" type="org.opentest4j.AssertionFailedError"><![CDATA[org.opentest4j.AssertionFailedError: expected: <Miki> but was: <Mili>
	at models.CuentasTest$ParametrizedTest.testDebitoCuentaCsvFileSource2(CuentasTest.java:147)
]]></failure>
  </testcase>
  <testcase name="testDebitoCuentaCsvFileSource2{String, String, String, String}[5]" classname="models.CuentasTest$ParametrizedTest" time="0"/>
  <testcase name="testDebitoCuentaCsvFileSource2{String, String, String, String}[6]" classname="models.CuentasTest$ParametrizedTest" time="0.016"/>
  <testcase name="testDebitoCuentaMethodSource{String}" classname="models.CuentasTest$ParametrizedTest" time="0.016">
    <error message="Could not find method [montoList] in class [models.CuentasTest$ParametrizedTest]" type="org.junit.platform.commons.JUnitException">org.junit.platform.commons.JUnitException: Could not find method [montoList] in class [models.CuentasTest$ParametrizedTest]
</error>
  </testcase>
  <testcase name="testSaldoCuenta" classname="models.CuentasTest$CuentaTestNombreSaldo" time="0"/>
  <testcase name="testReferenciaCuenta" classname="models.CuentasTest$CuentaTestNombreSaldo" time="0"/>
  <testcase name="testNombreCuenta" classname="models.CuentasTest$CuentaTestNombreSaldo" time="0"/>
</testsuite>